WARNING:root:crcmod package not found. This package is required if python-snappy or google-crc32c are not installed. To ensure crcmod is installed, install the tfrecord extra: pip install apache-beam[tfrecord]
INFO:apache_beam.runners.direct.direct_runner:Running pipeline with PrismRunner.
INFO:apache_beam.runners.worker.worker_pool_main:Listening for workers at localhost:62326
INFO:apache_beam.runners.portability.prism_runner:Using cached prism binary/zip from /Users/ravishgarg/.apache_beam/cache/prism/bin/apache_beam-v2.71.0-prism-darwin-arm64.zip for https://github.com/apache/beam/releases/download/v2.71.0/apache_beam-v2.71.0-prism-darwin-arm64.zip
INFO:apache_beam.runners.portability.prism_runner:Using cached prism binary from /Users/ravishgarg/.apache_beam/cache/prism/bin/apache_beam-v2.71.0-prism-darwin-arm64 for /Users/ravishgarg/.apache_beam/cache/prism/bin/apache_beam-v2.71.0-prism-darwin-arm64.zip
INFO:apache_beam.runners.portability.prism_runner:Prism binary path resolved to: /Users/ravishgarg/.apache_beam/cache/prism/bin/apache_beam-v2.71.0-prism-darwin-arm64
INFO:apache_beam.utils.subprocess_server:Starting service with ('/Users/ravishgarg/.apache_beam/cache/prism/bin/apache_beam-v2.71.0-prism-darwin-arm64' '--job_port' '62327' '--log_level' 'info' '--log_kind' 'json' '--serve_http=false')
WARNING: All log messages before absl::InitializeLog() is called are written to STDERR
I0000 00:00:1773407705.030259 28019242 fork_posix.cc:77] Other threads are currently calling into gRPC, skipping fork() handlers
INFO:PrismRunner:Serving JobManagement (endpoint='localhost:62327')
WARNING:PrismRunner:unknown transform, with payload (urn='beam:transform:pubsub_read:v1', name='ReadFromPubSub/Read', payload='Cihwcm9qZWN0cy9yYXZlcy1hbHRvc3RyYXQvdG9waWNzL2FtbC1kZW1v')
ERROR:PrismRunner:unable to run job (cause='unimplemented features', jobname='job', errors='unsupported feature "PTransform.Spec.Urn" set with value beam:transform:pubsub_read:v1 ReadFromPubSub/Read')
ERROR:PrismRunner:job failed (job={'key': 'job-001', 'name': 'job'}, error='found 1 uses of features unimplemented in prism in job job:\nunsupported feature "PTransform.Spec.Urn" set with value beam:transform:pubsub_read:v1 ReadFromPubSub/Read')
INFO:apache_beam.runners.direct.direct_runner:Exception with PrismRunner:
 <_InactiveRpcError of RPC that terminated with:
	status = StatusCode.UNKNOWN
	details = "found 1 uses of features unimplemented in prism in job job:
unsupported feature "PTransform.Spec.Urn" set with value beam:transform:pubsub_read:v1 ReadFromPubSub/Read"
	debug_error_string = "UNKNOWN:Error received from peer  {grpc_message:"found 1 uses of features unimplemented in prism in job job:\nunsupported feature \"PTransform.Spec.Urn\" set with value beam:transform:pubsub_read:v1 ReadFromPubSub/Read", grpc_status:2, created_time:"2026-03-13T13:15:06.048173+00:00"}"
>

INFO:apache_beam.runners.direct.direct_runner:Falling back to DirectRunner
INFO:apache_beam.runners.direct.direct_runner:Running pipeline with DirectRunner.
I0000 00:00:1773407706.077957 28019626 fork_posix.cc:77] Other threads are currently calling into gRPC, skipping fork() handlers
I0000 00:00:1773407706.453662 28019626 check_gcp_environment_no_op.cc:29] ALTS: Platforms other than Linux and Windows are not supported
I0000 00:00:1773407710.939182 28019626 check_gcp_environment_no_op.cc:29] ALTS: Platforms other than Linux and Windows are not supported
I0000 00:00:1773407713.711555 28019626 check_gcp_environment_no_op.cc:29] ALTS: Platforms other than Linux and Windows are not supported
I0000 00:00:1773407716.061984 28019626 check_gcp_environment_no_op.cc:29] ALTS: Platforms other than Linux and Windows are not supported
I0000 00:00:1773407717.873738 28019626 check_gcp_environment_no_op.cc:29] ALTS: Platforms other than Linux and Windows are not supported
I0000 00:00:1773407735.966425 28019626 check_gcp_environment_no_op.cc:29] ALTS: Platforms other than Linux and Windows are not supported
I0000 00:00:1773407740.143115 28019626 check_gcp_environment_no_op.cc:29] ALTS: Platforms other than Linux and Windows are not supported
I0000 00:00:1773407741.870861 28019626 check_gcp_environment_no_op.cc:29] ALTS: Platforms other than Linux and Windows are not supported
I0000 00:00:1773407743.698642 28019626 check_gcp_environment_no_op.cc:29] ALTS: Platforms other than Linux and Windows are not supported
I0000 00:00:1773407761.500843 28019626 check_gcp_environment_no_op.cc:29] ALTS: Platforms other than Linux and Windows are not supported
I0000 00:00:1773407765.339446 28019626 check_gcp_environment_no_op.cc:29] ALTS: Platforms other than Linux and Windows are not supported
I0000 00:00:1773407767.151855 28019626 check_gcp_environment_no_op.cc:29] ALTS: Platforms other than Linux and Windows are not supported
I0000 00:00:1773407768.942207 28019626 check_gcp_environment_no_op.cc:29] ALTS: Platforms other than Linux and Windows are not supported
I0000 00:00:1773407786.988578 28019626 check_gcp_environment_no_op.cc:29] ALTS: Platforms other than Linux and Windows are not supported
I0000 00:00:1773407790.746254 28019626 check_gcp_environment_no_op.cc:29] ALTS: Platforms other than Linux and Windows are not supported
I0000 00:00:1773407792.409065 28019626 check_gcp_environment_no_op.cc:29] ALTS: Platforms other than Linux and Windows are not supported
I0000 00:00:1773407794.184943 28019626 check_gcp_environment_no_op.cc:29] ALTS: Platforms other than Linux and Windows are not supported
I0000 00:00:1773407812.661741 28019626 check_gcp_environment_no_op.cc:29] ALTS: Platforms other than Linux and Windows are not supported
I0000 00:00:1773407816.437168 28019626 check_gcp_environment_no_op.cc:29] ALTS: Platforms other than Linux and Windows are not supported
I0000 00:00:1773407818.221002 28019626 check_gcp_environment_no_op.cc:29] ALTS: Platforms other than Linux and Windows are not supported
I0000 00:00:1773407820.055625 28019626 check_gcp_environment_no_op.cc:29] ALTS: Platforms other than Linux and Windows are not supported
I0000 00:00:1773407835.654860 28019626 check_gcp_environment_no_op.cc:29] ALTS: Platforms other than Linux and Windows are not supported
I0000 00:00:1773407838.501694 28019626 check_gcp_environment_no_op.cc:29] ALTS: Platforms other than Linux and Windows are not supported
I0000 00:00:1773407840.285244 28019626 check_gcp_environment_no_op.cc:29] ALTS: Platforms other than Linux and Windows are not supported
I0000 00:00:1773407842.617384 28019626 check_gcp_environment_no_op.cc:29] ALTS: Platforms other than Linux and Windows are not supported
I0000 00:00:1773407858.119461 28019626 check_gcp_environment_no_op.cc:29] ALTS: Platforms other than Linux and Windows are not supported
I0000 00:00:1773407861.273628 28019626 check_gcp_environment_no_op.cc:29] ALTS: Platforms other than Linux and Windows are not supported
I0000 00:00:1773407863.171018 28019626 check_gcp_environment_no_op.cc:29] ALTS: Platforms other than Linux and Windows are not supported
I0000 00:00:1773407864.932492 28019626 check_gcp_environment_no_op.cc:29] ALTS: Platforms other than Linux and Windows are not supported
I0000 00:00:1773407883.002510 28019626 check_gcp_environment_no_op.cc:29] ALTS: Platforms other than Linux and Windows are not supported
I0000 00:00:1773407885.699688 28019626 check_gcp_environment_no_op.cc:29] ALTS: Platforms other than Linux and Windows are not supported
I0000 00:00:1773407889.613827 28019626 check_gcp_environment_no_op.cc:29] ALTS: Platforms other than Linux and Windows are not supported
I0000 00:00:1773407893.238289 28019626 check_gcp_environment_no_op.cc:29] ALTS: Platforms other than Linux and Windows are not supported
I0000 00:00:1773407908.748201 28019626 check_gcp_environment_no_op.cc:29] ALTS: Platforms other than Linux and Windows are not supported
I0000 00:00:1773407911.452549 28019626 check_gcp_environment_no_op.cc:29] ALTS: Platforms other than Linux and Windows are not supported
I0000 00:00:1773407913.282486 28019626 check_gcp_environment_no_op.cc:29] ALTS: Platforms other than Linux and Windows are not supported
I0000 00:00:1773407915.030907 28019626 check_gcp_environment_no_op.cc:29] ALTS: Platforms other than Linux and Windows are not supported
I0000 00:00:1773407931.184536 28019626 check_gcp_environment_no_op.cc:29] ALTS: Platforms other than Linux and Windows are not supported
I0000 00:00:1773407934.960441 28019626 check_gcp_environment_no_op.cc:29] ALTS: Platforms other than Linux and Windows are not supported
I0000 00:00:1773407936.648393 28019626 check_gcp_environment_no_op.cc:29] ALTS: Platforms other than Linux and Windows are not supported
I0000 00:00:1773407938.467696 28019626 check_gcp_environment_no_op.cc:29] ALTS: Platforms other than Linux and Windows are not supported
I0000 00:00:1773407960.646960 28019626 check_gcp_environment_no_op.cc:29] ALTS: Platforms other than Linux and Windows are not supported
I0000 00:00:1773407964.266701 28019626 check_gcp_environment_no_op.cc:29] ALTS: Platforms other than Linux and Windows are not supported
I0000 00:00:1773407966.046901 28019626 check_gcp_environment_no_op.cc:29] ALTS: Platforms other than Linux and Windows are not supported
I0000 00:00:1773407967.635943 28019626 check_gcp_environment_no_op.cc:29] ALTS: Platforms other than Linux and Windows are not supported
I0000 00:00:1773407986.131920 28019626 check_gcp_environment_no_op.cc:29] ALTS: Platforms other than Linux and Windows are not supported
I0000 00:00:1773407989.901176 28019626 check_gcp_environment_no_op.cc:29] ALTS: Platforms other than Linux and Windows are not supported
I0000 00:00:1773407991.305550 28019626 check_gcp_environment_no_op.cc:29] ALTS: Platforms other than Linux and Windows are not supported
I0000 00:00:1773407993.636613 28019626 check_gcp_environment_no_op.cc:29] ALTS: Platforms other than Linux and Windows are not supported
I0000 00:00:1773408011.702126 28019626 check_gcp_environment_no_op.cc:29] ALTS: Platforms other than Linux and Windows are not supported
I0000 00:00:1773408014.601918 28019626 check_gcp_environment_no_op.cc:29] ALTS: Platforms other than Linux and Windows are not supported
I0000 00:00:1773408016.393253 28019626 check_gcp_environment_no_op.cc:29] ALTS: Platforms other than Linux and Windows are not supported
I0000 00:00:1773408018.167307 28019626 check_gcp_environment_no_op.cc:29] ALTS: Platforms other than Linux and Windows are not supported
I0000 00:00:1773408044.801557 28019626 check_gcp_environment_no_op.cc:29] ALTS: Platforms other than Linux and Windows are not supported
I0000 00:00:1773408048.431246 28019626 check_gcp_environment_no_op.cc:29] ALTS: Platforms other than Linux and Windows are not supported
I0000 00:00:1773408050.254203 28019626 check_gcp_environment_no_op.cc:29] ALTS: Platforms other than Linux and Windows are not supported
I0000 00:00:1773408052.060102 28019626 check_gcp_environment_no_op.cc:29] ALTS: Platforms other than Linux and Windows are not supported
I0000 00:00:1773408081.703931 28019626 check_gcp_environment_no_op.cc:29] ALTS: Platforms other than Linux and Windows are not supported
I0000 00:00:1773408082.796738 28019626 check_gcp_environment_no_op.cc:29] ALTS: Platforms other than Linux and Windows are not supported
I0000 00:00:1773408084.587851 28019626 check_gcp_environment_no_op.cc:29] ALTS: Platforms other than Linux and Windows are not supported
I0000 00:00:1773408086.367574 28019626 check_gcp_environment_no_op.cc:29] ALTS: Platforms other than Linux and Windows are not supported
I0000 00:00:1773408105.611193 28019626 check_gcp_environment_no_op.cc:29] ALTS: Platforms other than Linux and Windows are not supported
I0000 00:00:1773408107.434475 28019626 check_gcp_environment_no_op.cc:29] ALTS: Platforms other than Linux and Windows are not supported
I0000 00:00:1773408109.814028 28019626 check_gcp_environment_no_op.cc:29] ALTS: Platforms other than Linux and Windows are not supported
I0000 00:00:1773408112.275903 28019626 check_gcp_environment_no_op.cc:29] ALTS: Platforms other than Linux and Windows are not supported
I0000 00:00:1773408130.515896 28019626 check_gcp_environment_no_op.cc:29] ALTS: Platforms other than Linux and Windows are not supported
I0000 00:00:1773408138.124139 28019626 check_gcp_environment_no_op.cc:29] ALTS: Platforms other than Linux and Windows are not supported
I0000 00:00:1773408139.788845 28019626 check_gcp_environment_no_op.cc:29] ALTS: Platforms other than Linux and Windows are not supported
I0000 00:00:1773408141.525731 28019626 check_gcp_environment_no_op.cc:29] ALTS: Platforms other than Linux and Windows are not supported
I0000 00:00:1773408167.615307 28019626 check_gcp_environment_no_op.cc:29] ALTS: Platforms other than Linux and Windows are not supported
I0000 00:00:1773408169.484088 28019626 check_gcp_environment_no_op.cc:29] ALTS: Platforms other than Linux and Windows are not supported
I0000 00:00:1773408171.268878 28019626 check_gcp_environment_no_op.cc:29] ALTS: Platforms other than Linux and Windows are not supported
I0000 00:00:1773408173.020136 28019626 check_gcp_environment_no_op.cc:29] ALTS: Platforms other than Linux and Windows are not supported
I0000 00:00:1773408194.180645 28019626 check_gcp_environment_no_op.cc:29] ALTS: Platforms other than Linux and Windows are not supported
I0000 00:00:1773408197.537753 28019626 check_gcp_environment_no_op.cc:29] ALTS: Platforms other than Linux and Windows are not supported
I0000 00:00:1773408199.388403 28019626 check_gcp_environment_no_op.cc:29] ALTS: Platforms other than Linux and Windows are not supported
I0000 00:00:1773408201.195916 28019626 check_gcp_environment_no_op.cc:29] ALTS: Platforms other than Linux and Windows are not supported
I0000 00:00:1773408220.995172 28019626 check_gcp_environment_no_op.cc:29] ALTS: Platforms other than Linux and Windows are not supported
I0000 00:00:1773408223.510899 28019626 check_gcp_environment_no_op.cc:29] ALTS: Platforms other than Linux and Windows are not supported
I0000 00:00:1773408225.053769 28019626 check_gcp_environment_no_op.cc:29] ALTS: Platforms other than Linux and Windows are not supported
I0000 00:00:1773408226.866073 28019626 check_gcp_environment_no_op.cc:29] ALTS: Platforms other than Linux and Windows are not supported
I0000 00:00:1773408246.527186 28019626 check_gcp_environment_no_op.cc:29] ALTS: Platforms other than Linux and Windows are not supported
I0000 00:00:1773408248.320403 28019626 check_gcp_environment_no_op.cc:29] ALTS: Platforms other than Linux and Windows are not supported
I0000 00:00:1773408249.104689 28019626 check_gcp_environment_no_op.cc:29] ALTS: Platforms other than Linux and Windows are not supported
I0000 00:00:1773408250.883774 28019626 check_gcp_environment_no_op.cc:29] ALTS: Platforms other than Linux and Windows are not supported
I0000 00:00:1773408253.231923 28019626 check_gcp_environment_no_op.cc:29] ALTS: Platforms other than Linux and Windows are not supported
I0000 00:00:1773408277.695465 28019626 check_gcp_environment_no_op.cc:29] ALTS: Platforms other than Linux and Windows are not supported
I0000 00:00:1773408280.512394 28019626 check_gcp_environment_no_op.cc:29] ALTS: Platforms other than Linux and Windows are not supported
I0000 00:00:1773408282.271233 28019626 check_gcp_environment_no_op.cc:29] ALTS: Platforms other than Linux and Windows are not supported
I0000 00:00:1773408284.649873 28019626 check_gcp_environment_no_op.cc:29] ALTS: Platforms other than Linux and Windows are not supported
I0000 00:00:1773408303.891146 28019626 check_gcp_environment_no_op.cc:29] ALTS: Platforms other than Linux and Windows are not supported
I0000 00:00:1773408304.626192 28019626 check_gcp_environment_no_op.cc:29] ALTS: Platforms other than Linux and Windows are not supported
I0000 00:00:1773408306.482730 28019626 check_gcp_environment_no_op.cc:29] ALTS: Platforms other than Linux and Windows are not supported
I0000 00:00:1773408309.046789 28019626 check_gcp_environment_no_op.cc:29] ALTS: Platforms other than Linux and Windows are not supported
I0000 00:00:1773408320.915165 28019626 check_gcp_environment_no_op.cc:29] ALTS: Platforms other than Linux and Windows are not supported
I0000 00:00:1773408326.095030 28019626 check_gcp_environment_no_op.cc:29] ALTS: Platforms other than Linux and Windows are not supported
I0000 00:00:1773408327.842126 28019626 check_gcp_environment_no_op.cc:29] ALTS: Platforms other than Linux and Windows are not supported
I0000 00:00:1773408329.277193 28019626 check_gcp_environment_no_op.cc:29] ALTS: Platforms other than Linux and Windows are not supported
I0000 00:00:1773408350.630337 28019626 check_gcp_environment_no_op.cc:29] ALTS: Platforms other than Linux and Windows are not supported
I0000 00:00:1773408352.465692 28019626 check_gcp_environment_no_op.cc:29] ALTS: Platforms other than Linux and Windows are not supported
I0000 00:00:1773408354.262838 28019626 check_gcp_environment_no_op.cc:29] ALTS: Platforms other than Linux and Windows are not supported
I0000 00:00:1773408356.598324 28019626 check_gcp_environment_no_op.cc:29] ALTS: Platforms other than Linux and Windows are not supported
I0000 00:00:1773408376.407093 28019626 check_gcp_environment_no_op.cc:29] ALTS: Platforms other than Linux and Windows are not supported
I0000 00:00:1773408378.246920 28019626 check_gcp_environment_no_op.cc:29] ALTS: Platforms other than Linux and Windows are not supported
I0000 00:00:1773408380.106493 28019626 check_gcp_environment_no_op.cc:29] ALTS: Platforms other than Linux and Windows are not supported
I0000 00:00:1773408381.877503 28019626 check_gcp_environment_no_op.cc:29] ALTS: Platforms other than Linux and Windows are not supported
I0000 00:00:1773408410.898158 28019626 check_gcp_environment_no_op.cc:29] ALTS: Platforms other than Linux and Windows are not supported
I0000 00:00:1773408411.677589 28019626 check_gcp_environment_no_op.cc:29] ALTS: Platforms other than Linux and Windows are not supported
I0000 00:00:1773408413.481669 28019626 check_gcp_environment_no_op.cc:29] ALTS: Platforms other than Linux and Windows are not supported
I0000 00:00:1773408415.850199 28019626 check_gcp_environment_no_op.cc:29] ALTS: Platforms other than Linux and Windows are not supported
I0000 00:00:1773408416.689634 28019626 check_gcp_environment_no_op.cc:29] ALTS: Platforms other than Linux and Windows are not supported
I0000 00:00:1773408446.470608 28019626 check_gcp_environment_no_op.cc:29] ALTS: Platforms other than Linux and Windows are not supported
I0000 00:00:1773408448.251205 28019626 check_gcp_environment_no_op.cc:29] ALTS: Platforms other than Linux and Windows are not supported
I0000 00:00:1773408450.049723 28019626 check_gcp_environment_no_op.cc:29] ALTS: Platforms other than Linux and Windows are not supported
I0000 00:00:1773408451.827186 28019626 check_gcp_environment_no_op.cc:29] ALTS: Platforms other than Linux and Windows are not supported
I0000 00:00:1773408478.114036 28019626 check_gcp_environment_no_op.cc:29] ALTS: Platforms other than Linux and Windows are not supported
I0000 00:00:1773408479.905866 28019626 check_gcp_environment_no_op.cc:29] ALTS: Platforms other than Linux and Windows are not supported
I0000 00:00:1773408482.116762 28019626 check_gcp_environment_no_op.cc:29] ALTS: Platforms other than Linux and Windows are not supported
I0000 00:00:1773408483.977804 28019626 check_gcp_environment_no_op.cc:29] ALTS: Platforms other than Linux and Windows are not supported
I0000 00:00:1773408500.581781 28019626 check_gcp_environment_no_op.cc:29] ALTS: Platforms other than Linux and Windows are not supported
I0000 00:00:1773408503.073646 28019626 check_gcp_environment_no_op.cc:29] ALTS: Platforms other than Linux and Windows are not supported
I0000 00:00:1773408512.847203 28019626 check_gcp_environment_no_op.cc:29] ALTS: Platforms other than Linux and Windows are not supported
I0000 00:00:1773408521.009077 28019626 check_gcp_environment_no_op.cc:29] ALTS: Platforms other than Linux and Windows are not supported
I0000 00:00:1773408523.279750 28019626 check_gcp_environment_no_op.cc:29] ALTS: Platforms other than Linux and Windows are not supported
I0000 00:00:1773408541.724796 28019626 check_gcp_environment_no_op.cc:29] ALTS: Platforms other than Linux and Windows are not supported
I0000 00:00:1773408543.511004 28019626 check_gcp_environment_no_op.cc:29] ALTS: Platforms other than Linux and Windows are not supported
I0000 00:00:1773408545.829088 28019626 check_gcp_environment_no_op.cc:29] ALTS: Platforms other than Linux and Windows are not supported
I0000 00:00:1773408547.596102 28019626 check_gcp_environment_no_op.cc:29] ALTS: Platforms other than Linux and Windows are not supported
I0000 00:00:1773408568.186552 28019626 check_gcp_environment_no_op.cc:29] ALTS: Platforms other than Linux and Windows are not supported
I0000 00:00:1773408569.304530 28019626 check_gcp_environment_no_op.cc:29] ALTS: Platforms other than Linux and Windows are not supported
I0000 00:00:1773408571.126263 28019626 check_gcp_environment_no_op.cc:29] ALTS: Platforms other than Linux and Windows are not supported
I0000 00:00:1773408572.978917 28019626 check_gcp_environment_no_op.cc:29] ALTS: Platforms other than Linux and Windows are not supported
I0000 00:00:1773408586.079443 28019626 check_gcp_environment_no_op.cc:29] ALTS: Platforms other than Linux and Windows are not supported
I0000 00:00:1773408592.913176 28019626 check_gcp_environment_no_op.cc:29] ALTS: Platforms other than Linux and Windows are not supported
I0000 00:00:1773408594.657923 28019626 check_gcp_environment_no_op.cc:29] ALTS: Platforms other than Linux and Windows are not supported
I0000 00:00:1773408596.454945 28019626 check_gcp_environment_no_op.cc:29] ALTS: Platforms other than Linux and Windows are not supported
I0000 00:00:1773408617.302959 28019626 check_gcp_environment_no_op.cc:29] ALTS: Platforms other than Linux and Windows are not supported
I0000 00:00:1773408619.023267 28019626 check_gcp_environment_no_op.cc:29] ALTS: Platforms other than Linux and Windows are not supported
I0000 00:00:1773408619.808121 28019626 check_gcp_environment_no_op.cc:29] ALTS: Platforms other than Linux and Windows are not supported
I0000 00:00:1773408620.630227 28019626 check_gcp_environment_no_op.cc:29] ALTS: Platforms other than Linux and Windows are not supported
I0000 00:00:1773408621.431886 28019626 check_gcp_environment_no_op.cc:29] ALTS: Platforms other than Linux and Windows are not supported
I0000 00:00:1773408623.752526 28019626 check_gcp_environment_no_op.cc:29] ALTS: Platforms other than Linux and Windows are not supported
I0000 00:00:1773408649.690621 28019626 check_gcp_environment_no_op.cc:29] ALTS: Platforms other than Linux and Windows are not supported
I0000 00:00:1773408651.469118 28019626 check_gcp_environment_no_op.cc:29] ALTS: Platforms other than Linux and Windows are not supported
I0000 00:00:1773408653.881843 28019626 check_gcp_environment_no_op.cc:29] ALTS: Platforms other than Linux and Windows are not supported
I0000 00:00:1773408655.774982 28019626 check_gcp_environment_no_op.cc:29] ALTS: Platforms other than Linux and Windows are not supported
I0000 00:00:1773408674.371055 28019626 check_gcp_environment_no_op.cc:29] ALTS: Platforms other than Linux and Windows are not supported
I0000 00:00:1773408675.875031 28019626 check_gcp_environment_no_op.cc:29] ALTS: Platforms other than Linux and Windows are not supported
I0000 00:00:1773408677.757344 28019626 check_gcp_environment_no_op.cc:29] ALTS: Platforms other than Linux and Windows are not supported
I0000 00:00:1773408679.658445 28019626 check_gcp_environment_no_op.cc:29] ALTS: Platforms other than Linux and Windows are not supported
I0000 00:00:1773408700.510412 28019626 check_gcp_environment_no_op.cc:29] ALTS: Platforms other than Linux and Windows are not supported
I0000 00:00:1773408702.988008 28019626 check_gcp_environment_no_op.cc:29] ALTS: Platforms other than Linux and Windows are not supported
I0000 00:00:1773408704.020087 28019626 check_gcp_environment_no_op.cc:29] ALTS: Platforms other than Linux and Windows are not supported
I0000 00:00:1773408705.872586 28019626 check_gcp_environment_no_op.cc:29] ALTS: Platforms other than Linux and Windows are not supported
I0000 00:00:1773408706.727244 28019626 check_gcp_environment_no_op.cc:29] ALTS: Platforms other than Linux and Windows are not supported
I0000 00:00:1773408727.020592 28019626 check_gcp_environment_no_op.cc:29] ALTS: Platforms other than Linux and Windows are not supported
I0000 00:00:1773408728.137927 28019626 check_gcp_environment_no_op.cc:29] ALTS: Platforms other than Linux and Windows are not supported
I0000 00:00:1773408728.859374 28019626 check_gcp_environment_no_op.cc:29] ALTS: Platforms other than Linux and Windows are not supported
I0000 00:00:1773408730.652322 28019626 check_gcp_environment_no_op.cc:29] ALTS: Platforms other than Linux and Windows are not supported
I0000 00:00:1773408732.934648 28019626 check_gcp_environment_no_op.cc:29] ALTS: Platforms other than Linux and Windows are not supported
I0000 00:00:1773408759.025923 28019626 check_gcp_environment_no_op.cc:29] ALTS: Platforms other than Linux and Windows are not supported
I0000 00:00:1773408759.960549 28019626 check_gcp_environment_no_op.cc:29] ALTS: Platforms other than Linux and Windows are not supported
I0000 00:00:1773408761.770775 28019626 check_gcp_environment_no_op.cc:29] ALTS: Platforms other than Linux and Windows are not supported
I0000 00:00:1773408763.566540 28019626 check_gcp_environment_no_op.cc:29] ALTS: Platforms other than Linux and Windows are not supported
I0000 00:00:1773408766.276413 28019626 check_gcp_environment_no_op.cc:29] ALTS: Platforms other than Linux and Windows are not supported
I0000 00:00:1773408788.951186 28019626 check_gcp_environment_no_op.cc:29] ALTS: Platforms other than Linux and Windows are not supported
I0000 00:00:1773408791.359326 28019626 check_gcp_environment_no_op.cc:29] ALTS: Platforms other than Linux and Windows are not supported
I0000 00:00:1773408792.758790 28019626 check_gcp_environment_no_op.cc:29] ALTS: Platforms other than Linux and Windows are not supported
I0000 00:00:1773408794.738789 28019626 check_gcp_environment_no_op.cc:29] ALTS: Platforms other than Linux and Windows are not supported
I0000 00:00:1773408814.664684 28019626 check_gcp_environment_no_op.cc:29] ALTS: Platforms other than Linux and Windows are not supported
I0000 00:00:1773408816.487187 28019626 check_gcp_environment_no_op.cc:29] ALTS: Platforms other than Linux and Windows are not supported
I0000 00:00:1773408818.836937 28019626 check_gcp_environment_no_op.cc:29] ALTS: Platforms other than Linux and Windows are not supported
I0000 00:00:1773408820.637054 28019626 check_gcp_environment_no_op.cc:29] ALTS: Platforms other than Linux and Windows are not supported
I0000 00:00:1773408839.342991 28019626 check_gcp_environment_no_op.cc:29] ALTS: Platforms other than Linux and Windows are not supported
I0000 00:00:1773408842.205514 28019626 check_gcp_environment_no_op.cc:29] ALTS: Platforms other than Linux and Windows are not supported
I0000 00:00:1773408844.005522 28019626 check_gcp_environment_no_op.cc:29] ALTS: Platforms other than Linux and Windows are not supported
I0000 00:00:1773408846.004306 28019626 check_gcp_environment_no_op.cc:29] ALTS: Platforms other than Linux and Windows are not supported
I0000 00:00:1773408864.335087 28019626 check_gcp_environment_no_op.cc:29] ALTS: Platforms other than Linux and Windows are not supported
I0000 00:00:1773408865.207656 28019626 check_gcp_environment_no_op.cc:29] ALTS: Platforms other than Linux and Windows are not supported
I0000 00:00:1773408866.960820 28019626 check_gcp_environment_no_op.cc:29] ALTS: Platforms other than Linux and Windows are not supported
I0000 00:00:1773408869.246622 28019626 check_gcp_environment_no_op.cc:29] ALTS: Platforms other than Linux and Windows are not supported
I0000 00:00:1773408886.473090 28019626 check_gcp_environment_no_op.cc:29] ALTS: Platforms other than Linux and Windows are not supported
I0000 00:00:1773408887.230487 28019626 check_gcp_environment_no_op.cc:29] ALTS: Platforms other than Linux and Windows are not supported
I0000 00:00:1773408889.022300 28019626 check_gcp_environment_no_op.cc:29] ALTS: Platforms other than Linux and Windows are not supported
I0000 00:00:1773408889.906939 28019626 check_gcp_environment_no_op.cc:29] ALTS: Platforms other than Linux and Windows are not supported
I0000 00:00:1773408891.814532 28019626 check_gcp_environment_no_op.cc:29] ALTS: Platforms other than Linux and Windows are not supported
I0000 00:00:1773408908.935366 28019626 check_gcp_environment_no_op.cc:29] ALTS: Platforms other than Linux and Windows are not supported
I0000 00:00:1773408910.943702 28019626 check_gcp_environment_no_op.cc:29] ALTS: Platforms other than Linux and Windows are not supported
I0000 00:00:1773408912.757100 28019626 check_gcp_environment_no_op.cc:29] ALTS: Platforms other than Linux and Windows are not supported
I0000 00:00:1773408914.497121 28019626 check_gcp_environment_no_op.cc:29] ALTS: Platforms other than Linux and Windows are not supported
I0000 00:00:1773408933.423156 28019626 check_gcp_environment_no_op.cc:29] ALTS: Platforms other than Linux and Windows are not supported
I0000 00:00:1773408935.188545 28019626 check_gcp_environment_no_op.cc:29] ALTS: Platforms other than Linux and Windows are not supported
I0000 00:00:1773408936.671119 28019626 check_gcp_environment_no_op.cc:29] ALTS: Platforms other than Linux and Windows are not supported
I0000 00:00:1773408937.765726 28019626 check_gcp_environment_no_op.cc:29] ALTS: Platforms other than Linux and Windows are not supported
I0000 00:00:1773408940.587171 28019626 check_gcp_environment_no_op.cc:29] ALTS: Platforms other than Linux and Windows are not supported
I0000 00:00:1773408951.885422 28019626 check_gcp_environment_no_op.cc:29] ALTS: Platforms other than Linux and Windows are not supported
I0000 00:00:1773408957.222981 28019626 check_gcp_environment_no_op.cc:29] ALTS: Platforms other than Linux and Windows are not supported
I0000 00:00:1773408958.845040 28019626 check_gcp_environment_no_op.cc:29] ALTS: Platforms other than Linux and Windows are not supported
I0000 00:00:1773408959.859767 28019626 check_gcp_environment_no_op.cc:29] ALTS: Platforms other than Linux and Windows are not supported
I0000 00:00:1773408962.217902 28019626 check_gcp_environment_no_op.cc:29] ALTS: Platforms other than Linux and Windows are not supported
I0000 00:00:1773408974.637843 28019626 check_gcp_environment_no_op.cc:29] ALTS: Platforms other than Linux and Windows are not supported
I0000 00:00:1773408980.253205 28019626 check_gcp_environment_no_op.cc:29] ALTS: Platforms other than Linux and Windows are not supported
I0000 00:00:1773408983.113935 28019626 check_gcp_environment_no_op.cc:29] ALTS: Platforms other than Linux and Windows are not supported
I0000 00:00:1773408984.275974 28019626 check_gcp_environment_no_op.cc:29] ALTS: Platforms other than Linux and Windows are not supported
I0000 00:00:1773408987.235669 28019626 check_gcp_environment_no_op.cc:29] ALTS: Platforms other than Linux and Windows are not supported
I0000 00:00:1773408988.043767 28019626 check_gcp_environment_no_op.cc:29] ALTS: Platforms other than Linux and Windows are not supported
I0000 00:00:1773408998.249679 28019626 check_gcp_environment_no_op.cc:29] ALTS: Platforms other than Linux and Windows are not supported
I0000 00:00:1773409004.191925 28019626 check_gcp_environment_no_op.cc:29] ALTS: Platforms other than Linux and Windows are not supported
I0000 00:00:1773409005.026308 28019626 check_gcp_environment_no_op.cc:29] ALTS: Platforms other than Linux and Windows are not supported
I0000 00:00:1773409006.713773 28019626 check_gcp_environment_no_op.cc:29] ALTS: Platforms other than Linux and Windows are not supported
I0000 00:00:1773409007.586176 28019626 check_gcp_environment_no_op.cc:29] ALTS: Platforms other than Linux and Windows are not supported
I0000 00:00:1773409008.485799 28019626 check_gcp_environment_no_op.cc:29] ALTS: Platforms other than Linux and Windows are not supported
I0000 00:00:1773409026.672411 28019626 check_gcp_environment_no_op.cc:29] ALTS: Platforms other than Linux and Windows are not supported
I0000 00:00:1773409028.343752 28019626 check_gcp_environment_no_op.cc:29] ALTS: Platforms other than Linux and Windows are not supported
I0000 00:00:1773409029.089411 28019626 check_gcp_environment_no_op.cc:29] ALTS: Platforms other than Linux and Windows are not supported
I0000 00:00:1773409030.876711 28019626 check_gcp_environment_no_op.cc:29] ALTS: Platforms other than Linux and Windows are not supported
I0000 00:00:1773409032.656448 28019626 check_gcp_environment_no_op.cc:29] ALTS: Platforms other than Linux and Windows are not supported
I0000 00:00:1773409042.669558 28019626 check_gcp_environment_no_op.cc:29] ALTS: Platforms other than Linux and Windows are not supported
I0000 00:00:1773409047.781392 28019626 check_gcp_environment_no_op.cc:29] ALTS: Platforms other than Linux and Windows are not supported
I0000 00:00:1773409049.742703 28019626 check_gcp_environment_no_op.cc:29] ALTS: Platforms other than Linux and Windows are not supported
I0000 00:00:1773409050.533561 28019626 check_gcp_environment_no_op.cc:29] ALTS: Platforms other than Linux and Windows are not supported
I0000 00:00:1773409053.008709 28019626 check_gcp_environment_no_op.cc:29] ALTS: Platforms other than Linux and Windows are not supported
I0000 00:00:1773409070.082898 28019626 check_gcp_environment_no_op.cc:29] ALTS: Platforms other than Linux and Windows are not supported
I0000 00:00:1773409072.402518 28019626 check_gcp_environment_no_op.cc:29] ALTS: Platforms other than Linux and Windows are not supported
I0000 00:00:1773409074.140911 28019626 check_gcp_environment_no_op.cc:29] ALTS: Platforms other than Linux and Windows are not supported
I0000 00:00:1773409074.889013 28019626 check_gcp_environment_no_op.cc:29] ALTS: Platforms other than Linux and Windows are not supported
I0000 00:00:1773409076.655885 28019626 check_gcp_environment_no_op.cc:29] ALTS: Platforms other than Linux and Windows are not supported
I0000 00:00:1773409094.453564 28019626 check_gcp_environment_no_op.cc:29] ALTS: Platforms other than Linux and Windows are not supported
I0000 00:00:1773409095.202679 28019626 check_gcp_environment_no_op.cc:29] ALTS: Platforms other than Linux and Windows are not supported
I0000 00:00:1773409096.798564 28019626 check_gcp_environment_no_op.cc:29] ALTS: Platforms other than Linux and Windows are not supported
I0000 00:00:1773409098.537922 28019626 check_gcp_environment_no_op.cc:29] ALTS: Platforms other than Linux and Windows are not supported
I0000 00:00:1773409099.247119 28019626 check_gcp_environment_no_op.cc:29] ALTS: Platforms other than Linux and Windows are not supported
I0000 00:00:1773409126.954214 28019626 check_gcp_environment_no_op.cc:29] ALTS: Platforms other than Linux and Windows are not supported
I0000 00:00:1773409129.647763 28019626 check_gcp_environment_no_op.cc:29] ALTS: Platforms other than Linux and Windows are not supported
I0000 00:00:1773409131.302457 28019626 check_gcp_environment_no_op.cc:29] ALTS: Platforms other than Linux and Windows are not supported
I0000 00:00:1773409132.942742 28019626 check_gcp_environment_no_op.cc:29] ALTS: Platforms other than Linux and Windows are not supported
I0000 00:00:1773409153.886609 28019626 check_gcp_environment_no_op.cc:29] ALTS: Platforms other than Linux and Windows are not supported
I0000 00:00:1773409155.729080 28019626 check_gcp_environment_no_op.cc:29] ALTS: Platforms other than Linux and Windows are not supported
I0000 00:00:1773409156.526956 28019626 check_gcp_environment_no_op.cc:29] ALTS: Platforms other than Linux and Windows are not supported
I0000 00:00:1773409158.370257 28019626 check_gcp_environment_no_op.cc:29] ALTS: Platforms other than Linux and Windows are not supported
I0000 00:00:1773409160.770924 28019626 check_gcp_environment_no_op.cc:29] ALTS: Platforms other than Linux and Windows are not supported
I0000 00:00:1773409189.647845 28019626 check_gcp_environment_no_op.cc:29] ALTS: Platforms other than Linux and Windows are not supported
I0000 00:00:1773409191.568126 28019626 check_gcp_environment_no_op.cc:29] ALTS: Platforms other than Linux and Windows are not supported
I0000 00:00:1773409194.439259 28019626 check_gcp_environment_no_op.cc:29] ALTS: Platforms other than Linux and Windows are not supported
I0000 00:00:1773409195.561988 28019626 check_gcp_environment_no_op.cc:29] ALTS: Platforms other than Linux and Windows are not supported
I0000 00:00:1773409216.255274 28019626 check_gcp_environment_no_op.cc:29] ALTS: Platforms other than Linux and Windows are not supported
I0000 00:00:1773409217.819267 28019626 check_gcp_environment_no_op.cc:29] ALTS: Platforms other than Linux and Windows are not supported
I0000 00:00:1773409220.533162 28019626 check_gcp_environment_no_op.cc:29] ALTS: Platforms other than Linux and Windows are not supported
I0000 00:00:1773409221.322406 28019626 check_gcp_environment_no_op.cc:29] ALTS: Platforms other than Linux and Windows are not supported
I0000 00:00:1773409237.457629 28019626 check_gcp_environment_no_op.cc:29] ALTS: Platforms other than Linux and Windows are not supported
I0000 00:00:1773409239.974693 28019626 check_gcp_environment_no_op.cc:29] ALTS: Platforms other than Linux and Windows are not supported
I0000 00:00:1773409241.763623 28019626 check_gcp_environment_no_op.cc:29] ALTS: Platforms other than Linux and Windows are not supported
I0000 00:00:1773409243.951216 28019626 check_gcp_environment_no_op.cc:29] ALTS: Platforms other than Linux and Windows are not supported
I0000 00:00:1773409254.325018 28019626 check_gcp_environment_no_op.cc:29] ALTS: Platforms other than Linux and Windows are not supported
I0000 00:00:1773409261.094046 28019626 check_gcp_environment_no_op.cc:29] ALTS: Platforms other than Linux and Windows are not supported
I0000 00:00:1773409263.953754 28019626 check_gcp_environment_no_op.cc:29] ALTS: Platforms other than Linux and Windows are not supported
I0000 00:00:1773409268.955808 28019626 check_gcp_environment_no_op.cc:29] ALTS: Platforms other than Linux and Windows are not supported
